[15:17:21] SELL 2x @ 6210
[15:17:23] SELL 3x @ 59380
[15:17:23] SELL 1x @ 59380
[15:17:36] SELL 2x @ 6213
[15:17:37] SELL 1x @ 59382
[15:17:37] SELL 2x @ 59382
[15:17:37] SELL 1x @ 59382
[15:30:37] BUY 3x @ 6200
[15:30:57] BUY 2x @ 6199
[15:32:01] BUY 1x @ 6198
[15:32:20] BUY 2x @ 6198
[15:32:41] BUY 1x @ 6197
[15:32:48] BUY 1x @ 6197
[15:33:15] BUY 2x @ 6192
[15:33:17] SELL 3x @ 6317
[15:33:17] SELL 1x @ 6378
[15:33:41] SELL 3x @ 6317
[15:33:41] SELL 1x @ 6379
[15:34:01] BUY 2x @ 5386
[15:34:03] BUY 1x @ 5386
[15:34:03] BUY 3x @ 5386
[15:36:29] BUY 2x @ 6257
[15:36:29] BUY 1x @ 6196
[15:36:49] BUY 2x @ 6256
[15:37:05] BUY 2x @ 1576
[15:37:06] BUY 1x @ 1575.0
[15:37:25] BUY 2x @ 5378
[15:37:26] BUY 1x @ 1576.0
[15:37:26] BUY 2x @ 1576.0
[15:37:56] BUY 2x @ 2136.0
[15:37:56] BUY 3x @ 2232
[15:37:56] BUY 1x @ 2232
[15:38:04] BUY 2x @ 2232
[15:38:05] BUY 1x @ 2232
[15:38:20] BUY 2x @ 2139.0
[15:38:23] BUY 1x @ 2139.0
[15:38:43] BUY 1x @ 5425.0
[15:38:45] BUY 1x @ 5425.0
[15:38:47] BUY 3x @ 4133.0
[15:39:04] BUY 1x @ 5385.0
[15:39:06] BUY 1x @ 5434.0
[15:39:06] BUY 2x @ 5432.0
[15:39:06] BUY 1x @ 5432.0
[15:39:28] BUY 1x @ 4597.0
[15:39:29] BUY 1x @ 2286.0
[15:39:31] BUY 3x @ 5434.0
[15:39:45] BUY 1x @ 2239
[15:39:47] BUY 1x @ 4639.0
[15:39:49] BUY 2x @ 2239
[15:39:50] BUY 1x @ 4586.0
[15:40:19] BUY 1x @ 2302.0
[15:40:21] BUY 1x @ 2302.0
[15:40:35] BUY 1x @ 2715.0
[15:40:39] BUY 1x @ 2274.0
[15:40:39] BUY 3x @ 2274.0
[15:40:54] BUY 1x @ 6285
[15:40:56] BUY 1x @ 4576.0
[15:42:21] BUY 1x @ 3934.0
[15:42:21] SELL 3x @ 6406
[15:42:21] SELL 1x @ 86332
[15:42:21] BUY 1x @ 6224
[15:42:21] BUY 1x @ 6285
[15:42:21] SELL 1x @ 6406
[15:42:22] BUY 1x @ 3936.0
[15:42:22] BUY 2x @ 4731.0
[15:42:22] BUY 1x @ 6225
[15:42:22] BUY 1x @ 4731.0
[15:42:31] BUY 1x @ 4442.0
[15:42:32] BUY 1x @ 4442.0
[15:42:32] BUY 3x @ 4442.0
[15:42:52] BUY 1x @ 5387
[15:42:56] BUY 1x @ 6254
[15:42:56] BUY 2.0x @ 5704.0
[15:43:19] BUY 1x @ 6313
[15:43:19] BUY 1x @ 6253
[15:43:37] BUY 1x @ 6312
[15:43:37] BUY 1x @ 6252
[15:43:39] BUY 2x @ 6306.0
[15:43:39] BUY 1x @ 6329.0
[15:43:56] SELL 1x @ 6432
[15:43:57] BUY 1x @ 6329.0
[15:44:17] BUY 1x @ 6310
[15:44:17] BUY 1x @ 6250
[15:44:50] BUY 1x @ 6322.0
[15:44:52] BUY 2x @ 6316.0
[15:44:53] SELL 3x @ 6446
[15:45:06] BUY 1x @ 3751.0
[15:45:08] BUY 1x @ 3751.0
[15:45:23] BUY 1x @ 6324
[15:45:24] BUY 1x @ 2099
[15:45:24] BUY 1x @ 6316.0
[15:45:42] BUY 1x @ 5633
[15:45:45] BUY 1x @ 6263
[15:46:03] BUY 1x @ 6315.0
[15:46:04] BUY 1x @ 5634
[15:46:24] BUY 1x @ 6315.0
[15:46:45] BUY 1x @ 6314
[15:46:47] BUY 1x @ 6254
[15:47:02] BUY 1x @ 6313
[15:47:02] BUY 1x @ 6253
[15:47:17] BUY 1x @ 5035
[15:51:18] SELL 1x @ 6495
[15:51:37] BUY 1x @ 6374
[15:59:24] SELL 3x @ 242877.0
[15:59:24] BUY 1x @ 6442
[15:59:24] BUY 1x @ 6415.0
[15:59:24] SELL 3x @ 6564
[15:59:24] SELL 1x @ 6624
[15:59:24] BUY 1x @ 6442
[16:00:24] BUY 1x @ 6430.0
[16:00:24] BUY 1x @ 2187
[16:00:24] BUY 1x @ 2187
[16:00:24] BUY 1.0x @ 2187
[16:12:27] BUY 2x @ 6656
[16:12:27] BUY 1x @ 6656
[16:12:27] BUY 1x @ 6599
[16:12:27] SELL 3x @ 6771
[16:12:27] SELL 1x @ 6828
[16:12:27] BUY 2x @ 5395.0
[16:12:27] BUY 1x @ 5424.0
[16:12:27] BUY 1x @ 5399
[16:12:27] BUY 2x @ 5396.0
[16:12:27] SELL 1x @ 6770
[16:12:27] BUY 1x @ 6598
[16:12:38] BUY 2x @ 5365.0
[16:12:39] BUY 1x @ 6329
[16:12:57] BUY 1x @ 4641.0
[16:12:57] BUY 1x @ 5040.0
[16:12:59] BUY 1x @ 5040.0
[16:12:59] BUY 1x @ 6329
[16:13:00] SELL 3x @ 6768
[16:13:00] SELL 1x @ 6825
[16:13:17] BUY 1.0x @ 4870.0
[16:13:18] SELL 3x @ 6768
[16:13:18] SELL 1x @ 9668
[16:13:36] SELL 1x @ 9662
[16:13:36] BUY 2x @ 6654
[16:13:37] SELL 2x @ 6769
[16:13:38] BUY 1x @ 6282
[16:13:46] SELL 1x @ 6826
[16:13:46] SELL 3x @ 9668.0
[16:14:10] BUY 2x @ 5563.0
[16:14:15] BUY 1x @ 6611
[16:14:28] BUY 2x @ 5591.0
[16:14:30] BUY 1x @ 5594.0
[16:15:12] BUY 2x @ 5308.0
[16:15:13] SELL 3x @ 6781
[16:15:13] SELL 1x @ 9670
[16:15:13] BUY 2x @ 6202
[16:15:28] BUY 2x @ 6666
[16:15:30] BUY 1x @ 6168
