[15:30:30] BUY 5x @ 3185.0
[15:30:47] BUY 2x @ 3190.0
[15:30:47] BUY 2x @ 3190.0
[15:31:08] BUY 2x @ 3190.0
[15:31:08] BUY 2x @ 3190.0
[15:31:29] BUY 2.0x @ 3191.0
[15:34:25] BUY 2x @ 3191
[15:34:54] BUY 2x @ 3190
[15:36:29] BUY 4x @ 3203
[15:36:29] BUY 1x @ 3203
[15:36:29] BUY 1x @ 3204
[15:36:29] BUY 3x @ 3204
[15:36:29] BUY 1x @ 3205
[15:36:30] BUY 1.0x @ 3225
[15:36:30] BUY 1.0x @ 3225
[15:36:30] BUY 1.0x @ 3225
[15:36:38] BUY 3x @ 3225
[15:36:44] BUY 1x @ 3205
[15:37:01] BUY 2x @ 3224
[15:37:02] BUY 1x @ 3224
[15:37:03] BUY 1x @ 3204
[15:37:09] BUY 3x @ 3188.0
[15:37:19] BUY 1x @ 3188.0
[15:37:21] BUY 1x @ 3223
[15:37:22] BUY 1x @ 3203
[15:37:36] BUY 1x @ 3188.0
[15:37:36] BUY 2x @ 3188.0
[15:37:57] BUY 1x @ 3207
[15:37:58] BUY 1x @ 3232
[15:37:58] BUY 1x @ 3232
[15:38:16] BUY 1x @ 3231
[15:38:16] BUY 1x @ 3231
[15:38:24] BUY 1x @ 3211
[15:38:36] BUY 1x @ 3231
[15:38:42] BUY 1x @ 3231
[15:39:02] BUY 1x @ 3231
[15:39:02] BUY 1x @ 3231
[15:39:03] BUY 1x @ 3211
[15:39:20] BUY 1x @ 3213.0
[15:39:20] BUY 1x @ 3227.0
[15:39:21] SELL 1x @ 3271
[15:39:22] SELL 1x @ 3271
[15:39:22] SELL 2.0x @ 3271
[15:39:25] SELL 1x @ 3271
[15:39:42] SELL 2x @ 3272
[15:39:45] BUY 1x @ 3231
[15:39:46] BUY 1x @ 3231
[15:39:49] BUY 1x @ 3271.0
[15:39:49] BUY 1x @ 3271.0
[15:39:49] BUY 1x @ 3271
[15:39:54] SELL 1x @ 3272
[15:39:54] SELL 1x @ 3272
[15:39:55] SELL 1x @ 3272
[15:39:55] BUY 1x @ 3211
[15:40:13] BUY 1x @ 3239.0
[15:40:13] BUY 1x @ 3239
[15:40:16] BUY 1x @ 3219
[15:40:19] SELL 5x @ 3280
[15:40:31] BUY 1x @ 3215.0
[15:40:31] BUY 1x @ 3215.0
[15:40:31] BUY 1x @ 3215.0
[15:40:48] BUY 2x @ 3214.0
[15:40:48] BUY 1x @ 3214.0
[15:41:16] BUY 1x @ 3238
[15:41:17] BUY 1x @ 3218
[15:42:21] SELL 5x @ 3279
[15:42:22] SELL 4x @ 3279
[15:42:26] BUY 2x @ 3255
[15:42:31] BUY 1x @ 3235
[15:43:32] BUY 1x @ 3255
[15:43:36] BUY 1x @ 3255
[15:43:51] BUY 2x @ 3254
[15:44:28] BUY 1x @ 3256.0
[15:44:45] BUY 1x @ 3257
[15:45:00] BUY 1x @ 3257
[15:45:18] BUY 1x @ 3257
[15:45:36] BUY 1x @ 3257
[15:45:57] BUY 1x @ 3257
[15:46:08] SELL 2x @ 3257.0
[15:46:08] SELL 1x @ 3253.0
[15:46:19] BUY 1x @ 3259
[15:46:41] BUY 1x @ 3261
[15:46:55] BUY 1x @ 3261
[15:47:11] BUY 1x @ 3254.0
[15:47:29] BUY 1x @ 3261
[15:47:46] BUY 1x @ 3260.0
[15:48:06] BUY 1x @ 3256.0
[15:48:23] BUY 1x @ 3260.0
[15:48:53] BUY 1x @ 3261
[15:48:53] BUY 1x @ 3261
[15:49:11] BUY 1x @ 3261
[15:49:11] BUY 1x @ 3261
[15:53:28] BUY 1x @ 3306
[15:53:41] BUY 1x @ 3306.0
[15:53:57] BUY 1x @ 3305.0
[15:54:18] BUY 1x @ 3305.0
[15:54:34] BUY 1x @ 3305.0
[15:54:50] BUY 1x @ 3305.0
[15:55:10] BUY 1x @ 3306
[15:55:27] BUY 1x @ 3304.0
[15:56:51] BUY 1x @ 3302.0
[15:56:51] BUY 1x @ 3288
[15:56:51] BUY 1x @ 3300
[15:56:51] BUY 1x @ 3288
[15:56:51] BUY 1x @ 3300
[15:56:52] BUY 1x @ 3288
[15:57:12] BUY 1x @ 3296.0
[15:58:23] BUY 1x @ 3295.0
[15:58:24] BUY 1x @ 3287
[15:59:23] BUY 1x @ 3292.0
[15:59:23] BUY 1x @ 3287
[15:59:24] BUY 1x @ 3286
[15:59:24] BUY 1x @ 3286
[15:59:24] BUY 1x @ 3285
[15:59:24] BUY 1x @ 3285
[16:07:52] SELL 2x @ 3408
[16:12:27] BUY 1x @ 2778.0
[16:12:27] BUY 3x @ 3133
[16:12:27] BUY 1x @ 3421
[16:12:27] BUY 1x @ 3401
[16:12:27] BUY 1x @ 3401
[16:12:27] BUY 2x @ 2765
[16:12:27] BUY 1x @ 2778.0
[16:12:27] BUY 3x @ 3128
[16:12:27] BUY 2x @ 3419
[16:12:27] BUY 1x @ 3419
[16:12:27] BUY 1x @ 3419
[16:12:27] BUY 1x @ 3399
[16:12:27] BUY 1x @ 3399
[16:12:32] BUY 1x @ 2615.0
[16:12:32] BUY 1x @ 2621.0
[16:12:32] BUY 1x @ 2621.0
[16:12:32] BUY 2x @ 2622
[16:12:32] BUY 1x @ 3399
[16:12:51] BUY 1x @ 2615.0
[16:12:51] BUY 1x @ 2615.0
[16:12:51] BUY 2x @ 2615.0
[16:13:12] BUY 1x @ 2615.0
[16:13:12] BUY 1x @ 2615.0
[16:13:12] BUY 2x @ 2615.0
[16:13:20] BUY 2x @ 2615.0
[16:13:20] BUY 1x @ 2615.0
[16:13:31] BUY 1x @ 2614.0
[16:13:31] BUY 1x @ 2616
[16:13:31] BUY 2x @ 2817.0
[16:14:04] BUY 1x @ 3015
[16:14:04] BUY 1x @ 3016
[16:14:04] BUY 1x @ 3017
[16:14:04] BUY 1x @ 3018
[16:14:22] BUY 1x @ 3018.0
[16:14:22] BUY 1x @ 3018.0
[16:14:22] BUY 1x @ 3019
[16:14:42] BUY 1x @ 2751.0
[16:14:42] BUY 2x @ 2762
[16:15:13] BUY 1x @ 2758
[16:15:13] BUY 2x @ 2758
[16:15:21] BUY 1x @ 2737
[16:15:21] BUY 1x @ 2737.0
[16:15:21] BUY 1x @ 2737.0
[16:17:31] BUY 2x @ 2728
[16:17:31] BUY 1x @ 2728
[16:17:32] BUY 2x @ 2712
[16:17:32] BUY 1x @ 2712
[16:17:32] BUY 1x @ 2750
[16:17:32] BUY 1x @ 2750
[16:17:32] BUY 1x @ 2750
[16:17:32] BUY 1x @ 2750
[16:17:32] BUY 1x @ 2756.0
[16:17:32] BUY 1x @ 2972
[16:17:32] BUY 1x @ 2973
[16:17:32] BUY 1x @ 3019
[16:17:43] BUY 1x @ 2989
[16:17:43] BUY 1x @ 2989
[16:18:42] BUY 3x @ 2986
[16:18:42] BUY 1x @ 2988.0
[16:18:42] BUY 1x @ 2988.0
[16:18:42] BUY 2x @ 2989
[16:18:42] BUY 1x @ 2989
[16:18:43] BUY 1x @ 2988.0
[16:18:43] BUY 1x @ 2988.0
[16:18:43] BUY 3x @ 2989
[16:18:48] BUY 1x @ 2987
[16:18:48] BUY 1x @ 2987
[16:18:58] BUY 3x @ 2987
[16:19:08] BUY 1x @ 3204.0
[16:19:08] BUY 1x @ 3419.0
[16:19:25] BUY 1x @ 3312.0
[16:19:25] BUY 1x @ 3312.0
[16:19:42] SELL 2x @ 3692.0
[16:20:14] BUY 1x @ 3444
[16:20:17] BUY 1x @ 3424
[16:20:35] BUY 1x @ 3444
[16:20:52] BUY 1x @ 3445
[16:24:10] SELL 1x @ 3468.0
[16:25:23] BUY 1x @ 3454
[16:25:35] BUY 1x @ 3450.0
[16:25:54] BUY 1x @ 3457.0
[16:26:20] BUY 1x @ 3460
[16:27:01] BUY 1x @ 3460
[09:27:01] BUY 2x @ 1195
[09:27:01] BUY 4x @ 1195
[09:27:34] BUY 2x @ 1202
[09:27:34] BUY 4x @ 1202
[09:28:07] BUY 3x @ 1204
[09:28:07] BUY 1x @ 1204
[09:28:26] BUY 1x @ 1204
[11:12:22] BUY 1x @ 1198
[11:12:23] BUY 1x @ 1207
[11:12:54] BUY 1x @ 1207
