[15:30:36] BUY 5x @ 10082
[15:30:53] BUY 4x @ 10080
[15:32:52] BUY 4x @ 10079
[15:32:52] BUY 1x @ 10033
[15:33:10] BUY 4x @ 10078
[15:33:10] BUY 1x @ 10032
[15:34:27] BUY 4x @ 10077
[15:34:27] BUY 2x @ 10030
[15:34:47] BUY 3x @ 10008.0
[15:34:47] BUY 1x @ 10008.0
[15:35:15] BUY 3x @ 10039
[15:35:15] BUY 1x @ 10027
[15:36:29] BUY 1x @ 10026
[15:36:29] BUY 2.0x @ 10026
[15:36:29] BUY 1.0x @ 10109
[15:36:29] BUY 1x @ 10016
[15:36:30] BUY 3x @ 10107
[15:36:30] BUY 1x @ 10061
[15:36:30] BUY 1x @ 10009.0
[15:36:30] BUY 2x @ 10009.0
[15:36:30] BUY 1x @ 10060
[15:36:30] BUY 1x @ 10009.0
[15:36:43] BUY 1x @ 10014
[15:36:44] BUY 2x @ 10014
[15:36:49] BUY 1x @ 10012
[15:37:02] BUY 1x @ 10001
[15:37:02] BUY 2x @ 10001
[15:37:05] BUY 1x @ 3497
[15:37:23] BUY 2x @ 7759
[15:37:23] BUY 1x @ 7759
[15:37:25] BUY 1x @ 7759
[15:37:40] BUY 1x @ 3526.0
[15:37:40] BUY 1x @ 4440.0
[15:37:40] BUY 1x @ 4440.0
[15:37:56] BUY 1x @ 3537.0
[15:38:02] BUY 1x @ 10001
[15:38:02] BUY 1x @ 10001
[15:38:04] BUY 1x @ 10001
[15:38:18] BUY 1x @ 10015.0
[15:38:18] BUY 1x @ 10015.0
[15:38:20] BUY 1x @ 10015.0
[15:38:40] BUY 1x @ 10013.0
[15:38:40] BUY 1x @ 10013.0
[15:38:43] BUY 1x @ 10015.0
[15:39:02] BUY 1x @ 8408
[15:39:02] BUY 1x @ 8408
[15:39:04] BUY 1x @ 10013.0
[15:39:23] BUY 1x @ 10025.0
[15:39:23] BUY 1x @ 10025.0
[15:39:28] BUY 1x @ 10017.0
[15:39:30] SELL 1x @ 10015.0
[15:39:30] SELL 2x @ 10015.0
[15:39:43] BUY 1x @ 10016.0
[15:39:44] BUY 1x @ 9186
[15:39:45] BUY 1x @ 10015.0
[15:39:50] SELL 1x @ 10015.0
[15:39:51] SELL 1x @ 10015.0
[15:39:51] SELL 1x @ 10015.0
[15:40:17] BUY 1x @ 10017.0
[15:40:18] BUY 1x @ 10017.0
[15:40:19] BUY 1x @ 9369.0
[15:40:34] BUY 1x @ 9185.0
[15:40:34] BUY 1x @ 9186.0
[15:40:35] BUY 1x @ 10017.0
[15:40:52] BUY 1x @ 9384.0
[15:40:52] BUY 1x @ 9384.0
[15:40:54] BUY 1x @ 9384.0
[15:42:21] SELL 5x @ 10206
[15:42:21] BUY 1x @ 10115
[15:42:21] BUY 1x @ 10070
[15:42:21] BUY 1x @ 10025
[15:42:21] BUY 1x @ 4332.0
[15:42:21] BUY 1x @ 4332.0
[15:42:21] SELL 5x @ 10206
[15:42:21] SELL 2x @ 10251
[15:42:21] SELL 1x @ 10296
[15:42:22] BUY 1x @ 6626.0
[15:42:22] BUY 1x @ 6626.0
[15:42:22] BUY 1x @ 4582.0
[15:42:29] BUY 1x @ 8474
[15:42:29] BUY 1x @ 8474
[15:42:31] BUY 1x @ 9369.0
[15:42:56] SELL 3x @ 10222
[15:42:57] SELL 2x @ 10222
[15:43:17] BUY 1x @ 10132
[15:43:17] BUY 1x @ 10087
[15:43:20] BUY 1x @ 10042
[15:43:35] BUY 1x @ 10132
[15:43:35] BUY 1x @ 10087
[15:43:35] BUY 1x @ 10042
[15:44:32] BUY 1x @ 10138
[15:44:32] BUY 1x @ 10093
[15:44:36] BUY 1x @ 10048
[15:46:44] BUY 1x @ 10139
[15:47:35] BUY 1x @ 10139
[15:47:35] BUY 1x @ 10094
[15:47:35] BUY 1x @ 10049
[15:48:10] BUY 1x @ 10138
[15:49:01] SELL 5x @ 10249
[15:49:15] BUY 1x @ 10159
[15:49:32] BUY 1x @ 10158.0
[16:00:25] BUY 1x @ 10201.0
[16:00:34] BUY 1x @ 10198.0
[16:01:22] BUY 1x @ 9888
[16:01:22] BUY 1x @ 9888
[16:01:22] BUY 1x @ 9888
[16:01:22] BUY 1x @ 10044
[16:01:22] BUY 1x @ 10044
[16:01:22] BUY 1x @ 10044
[16:01:26] BUY 1x @ 10198.0
[16:01:28] BUY 1x @ 10159
[16:01:30] BUY 1x @ 10116
[16:01:34] BUY 1.0x @ 9888.0
[16:12:27] BUY 1x @ 9439.0
[16:12:27] BUY 1x @ 9439.0
[16:12:27] BUY 1x @ 9439.0
[16:12:27] BUY 1x @ 9439.0
[16:12:27] BUY 1x @ 9439.0
[16:12:27] BUY 1x @ 9439.0
[16:12:27] BUY 1x @ 9439.0
[16:12:27] BUY 1x @ 9440.0
[16:12:27] BUY 4x @ 9496
[16:12:27] BUY 1x @ 9496
[16:12:27] BUY 1x @ 9543.0
[16:12:27] BUY 1x @ 9543.0
[16:12:27] BUY 1x @ 9543.0
[16:12:27] BUY 1x @ 9543.0
[16:12:27] BUY 1x @ 9543.0
[16:12:27] BUY 1x @ 9543.0
[16:12:27] BUY 1x @ 9543.0
[16:12:27] BUY 1x @ 9889.0
[16:12:27] BUY 1x @ 10198.0
[16:12:35] BUY 1x @ 9439.0
[16:12:35] BUY 2x @ 9491
[16:12:36] BUY 1x @ 9491
[16:12:38] BUY 1x @ 9439.0
[16:12:56] BUY 1x @ 9331
[16:12:56] BUY 1x @ 9439.0
[16:12:56] BUY 1x @ 9439.0
[16:12:56] BUY 1x @ 9439.0
[16:12:57] BUY 1x @ 10019
[16:13:16] BUY 1x @ 9511.0
[16:13:16] BUY 2x @ 9968
[16:13:16] BUY 1x @ 9968
[16:13:17] BUY 1x @ 9546.0
[16:13:34] BUY 1x @ 9511.0
[16:13:34] BUY 1x @ 9511.0
[16:13:34] BUY 1x @ 9516
[16:13:34] BUY 1x @ 9516
[16:13:36] BUY 1x @ 9516
[16:13:38] BUY 3x @ 9365.0
[16:14:08] BUY 1x @ 9960
[16:14:08] BUY 1x @ 9546.0
[16:14:08] BUY 1x @ 9546.0
[16:14:10] BUY 1x @ 9546.0
[16:14:27] BUY 2x @ 9673.0
[16:14:27] BUY 1x @ 9925
[16:14:28] BUY 1x @ 10009
[16:15:12] BUY 2x @ 9678
[16:15:12] BUY 1x @ 9678
[16:15:12] BUY 1x @ 9501
[16:15:13] BUY 1x @ 9587
[16:15:13] BUY 2x @ 9587
[16:15:13] BUY 1x @ 9568
[16:15:26] BUY 1x @ 9552
[16:15:26] BUY 1x @ 9552
[16:15:28] BUY 1x @ 9552
[16:17:31] BUY 1x @ 9575
[16:17:31] BUY 1x @ 9575
[16:17:31] BUY 1x @ 9568
[16:17:32] BUY 1x @ 9568
[16:17:32] BUY 1x @ 9568
[16:17:32] BUY 1x @ 9568
[16:17:32] BUY 1x @ 9565.0
[16:17:32] BUY 1x @ 9565.0
[16:17:32] BUY 1x @ 9565.0
[16:17:32] BUY 1x @ 9565.0
[16:17:32] BUY 1x @ 9565.0
[16:17:32] BUY 1x @ 9568
[16:17:32] SELL 2x @ 11778
[16:17:32] SELL 5x @ 11778
[16:17:32] SELL 1x @ 11778
[16:17:32] SELL 2x @ 11773
[16:17:32] SELL 5x @ 11773
[16:17:32] SELL 1x @ 11773
[16:18:42] SELL 2x @ 11776
[16:18:42] SELL 5x @ 11776
[16:18:42] SELL 1x @ 11776
[16:18:42] SELL 3x @ 11776
[16:18:42] SELL 2x @ 11776
[16:18:42] SELL 3x @ 11776
[16:18:42] SELL 2x @ 11776
[16:18:42] SELL 1x @ 11776
[16:18:42] SELL 3x @ 11776
[16:18:43] SELL 3x @ 11773
[16:18:43] SELL 2x @ 11534
[16:18:43] SELL 2x @ 11534
[16:18:43] SELL 1x @ 11534
[16:18:43] BUY 2x @ 10319
[16:18:43] BUY 1x @ 10319
[16:18:43] BUY 1x @ 10276
[16:18:43] BUY 1x @ 10234
[16:18:53] BUY 2x @ 9869.0
[16:18:53] BUY 1x @ 9925
[16:18:53] BUY 1x @ 9925
[16:18:54] BUY 1x @ 10168.0
[16:19:11] BUY 3x @ 10338
[16:19:11] BUY 1x @ 10296
[16:19:13] BUY 1x @ 9785.0
[16:19:29] BUY 2x @ 9798
[16:19:29] BUY 1x @ 9798
[16:19:31] BUY 1x @ 9798
[16:19:47] BUY 1x @ 9927.0
[16:19:48] BUY 1x @ 9927.0
[16:19:48] BUY 1x @ 10149.0
[16:19:49] BUY 1x @ 10135
[16:20:17] BUY 2x @ 10069.0
[16:20:17] BUY 1x @ 10292
[16:20:20] BUY 1x @ 9809.0
[16:20:35] BUY 2x @ 9888.0
[16:20:36] BUY 1x @ 10291
[16:20:36] BUY 1x @ 9807
[16:20:52] BUY 1x @ 9825.0
[16:20:52] BUY 1x @ 9825.0
[16:20:55] BUY 1x @ 9834.0
[16:21:11] BUY 1x @ 9803.0
[16:21:11] BUY 1x @ 9826.0
[16:21:12] BUY 1x @ 9803.0
[16:21:17] SELL 1x @ 9803.0
[16:21:30] BUY 1x @ 9811.0
[16:21:30] BUY 1x @ 9811.0
[16:21:32] BUY 1x @ 9835.0
[16:22:39] BUY 1x @ 9732.0
[16:22:39] BUY 1x @ 9732.0
[16:22:39] BUY 1x @ 9732.0
[16:22:39] BUY 1x @ 9732.0
[16:22:39] BUY 1x @ 9732.0
[16:22:39] BUY 1x @ 10076.0
[16:22:39] BUY 1x @ 9732.0
[16:22:39] BUY 1x @ 9732.0
[16:23:39] BUY 1x @ 10076.0
[16:23:39] BUY 1x @ 10036
[16:23:39] BUY 1x @ 10036
[16:23:39] BUY 1x @ 10036
[16:23:39] BUY 1x @ 10036
[16:23:39] BUY 1x @ 10036
[16:23:39] BUY 1x @ 10076.0
[16:23:39] BUY 1x @ 9732.0
[16:23:39] BUY 1x @ 9732.0
[16:23:47] BUY 1x @ 9724.0
[16:23:47] BUY 1x @ 9731.0
[16:23:49] BUY 1x @ 9724.0
[16:24:06] BUY 1x @ 9724.0
[16:24:06] BUY 1x @ 9724.0
[16:24:07] BUY 1x @ 9724.0
[16:25:19] BUY 1x @ 9815.0
[16:25:19] BUY 1x @ 9815.0
[16:25:19] BUY 1x @ 9815.0
[16:25:19] BUY 1x @ 9817.0
[16:25:19] BUY 1x @ 9817.0
[16:25:19] BUY 1x @ 9806
[16:25:23] BUY 1x @ 9815.0
[16:25:23] BUY 1x @ 9815.0
[09:27:05] SELL 1.0x @ 8597
[09:27:22] SELL 1x @ 8745
[09:27:39] SELL 1x @ 8724
[09:27:56] SELL 1x @ 8721
[09:28:12] SELL 1x @ 8718
[09:28:28] SELL 3x @ 8709
