[15:17:12] SELL 3x @ 2511
[15:17:13] BUY 3x @ 2453
[15:17:13] BUY 1x @ 2453
[15:30:26] BUY 5x @ 2459
[15:30:40] BUY 2x @ 2458.0
[15:30:53] BUY 2x @ 2458
[15:31:14] BUY 4x @ 2457
[15:31:31] BUY 4x @ 2457
[15:31:39] BUY 2x @ 2429
[15:31:53] BUY 4x @ 2456
[15:32:11] BUY 3x @ 2455
[15:32:31] BUY 3x @ 2455
[15:33:04] BUY 3x @ 2454
[15:33:35] BUY 3x @ 2454
[15:33:46] BUY 3x @ 2453
[15:34:14] BUY 3x @ 2453
[15:34:25] BUY 1x @ 2425
[15:34:34] BUY 2x @ 2452
[15:34:34] BUY 1x @ 2424
[15:34:59] BUY 1x @ 2377
[15:34:59] BUY 2x @ 2377
[15:36:29] BUY 1x @ 2340.0
[15:36:29] BUY 2x @ 2340.0
[15:36:29] BUY 1x @ 2384.0
[15:36:29] BUY 2x @ 2384.0
[15:36:30] BUY 1.0x @ 2446
[15:36:30] BUY 1.0x @ 2450
[15:36:30] BUY 1x @ 2422
[15:36:30] BUY 1x @ 2401.0
[15:36:30] BUY 2x @ 2401.0
[15:36:51] BUY 1.0x @ 2431.0
[15:36:51] BUY 1.0x @ 2431.0
[15:36:52] BUY 1x @ 2421
[15:37:07] BUY 3x @ 2379.0
[15:37:13] BUY 1x @ 2380.0
[15:37:13] BUY 1x @ 2380.0
[15:37:29] BUY 1x @ 2448
[15:37:29] BUY 1x @ 2420
[15:37:56] BUY 1x @ 2450
[15:37:56] BUY 1x @ 2423
[15:38:09] BUY 1x @ 2340.0
[15:38:09] BUY 1x @ 2340.0
[15:38:28] BUY 1x @ 2449
[15:38:28] BUY 1x @ 2422
[15:38:50] BUY 1x @ 2449
[15:38:50] BUY 1x @ 2422
[15:39:10] BUY 1x @ 1945
[15:39:10] BUY 1x @ 1945
[15:39:32] BUY 1x @ 2183.0
[15:39:32] BUY 1x @ 2183.0
[15:39:47] BUY 1x @ 1935.0
[15:39:47] BUY 1x @ 1935.0
[15:39:47] BUY 1x @ 1935.0
[15:40:05] BUY 1x @ 2447
[15:40:05] BUY 1x @ 2420
[15:40:24] BUY 1x @ 1920.0
[15:40:24] BUY 1x @ 1920.0
[15:40:43] BUY 1x @ 1920.0
[15:40:43] BUY 1x @ 1920.0
[15:41:16] BUY 1x @ 2446
[15:42:22] BUY 1x @ 2446
[15:42:23] BUY 1x @ 2446
[15:42:38] BUY 1x @ 2446
[15:43:36] SELL 3x @ 2480.0
[15:46:05] SELL 1x @ 2479.0
[15:46:05] SELL 2x @ 2466.0
[15:49:20] SELL 2x @ 2459.0
[15:57:06] SELL 2x @ 2502
[15:59:24] SELL 5x @ 2502
[15:59:24] BUY 1x @ 2447
[15:59:24] SELL 1x @ 2503
[15:59:24] SELL 1x @ 2503
[15:59:24] SELL 1x @ 2503
[15:59:24] SELL 1x @ 2503
[15:59:24] SELL 4x @ 2503
[16:00:26] BUY 1x @ 2449
[16:00:26] BUY 1x @ 2422
[16:00:37] SELL 2.0x @ 2504
[16:00:38] SELL 1x @ 2504
[16:00:38] SELL 1x @ 2504
[16:00:38] SELL 1x @ 2504
[16:00:41] SELL 1x @ 2504
[16:00:44] SELL 1x @ 2504
[16:00:46] SELL 3x @ 2504
[16:01:22] SELL 3x @ 2505
[16:01:22] SELL 2x @ 2497.0
[16:01:25] SELL 5x @ 2506
[16:01:31] SELL 1x @ 2497.0
[16:01:32] SELL 1x @ 2497.0
[16:01:32] SELL 1x @ 2497.0
[16:04:15] SELL 4x @ 2507
[16:04:42] SELL 1x @ 2508
[16:04:42] SELL 1x @ 2508
[16:04:44] SELL 1.0x @ 2508
[16:04:45] SELL 1x @ 2508
[16:04:45] SELL 1x @ 2508
[16:05:23] BUY 1.0x @ 2455
[16:05:36] BUY 1.0x @ 2455
[16:06:34] BUY 1x @ 2455
[16:07:01] BUY 1x @ 2454
[16:07:08] BUY 1x @ 2454
[16:12:27] BUY 5x @ 2462
[16:12:27] BUY 2x @ 2436
[16:12:27] BUY 1x @ 2460
[16:12:27] BUY 2x @ 2460
[16:12:27] BUY 1x @ 2460
[16:12:59] BUY 2x @ 2460
[16:13:21] BUY 3x @ 2487.0
[16:13:39] SELL 1.0x @ 2468.0
[16:13:51] BUY 1x @ 2459
[16:13:54] SELL 1x @ 2468.0
[16:15:30] SELL 3x @ 2482
[16:17:32] BUY 3x @ 2460
[16:17:32] BUY 1x @ 2460
[16:17:32] BUY 2x @ 2434
[16:17:32] BUY 3x @ 2434
[16:17:32] BUY 1x @ 2459
[16:17:35] BUY 1x @ 2392
[16:17:35] BUY 3x @ 2392
[16:18:42] BUY 3x @ 2089.0
[16:18:42] BUY 3x @ 2448
[16:18:42] BUY 1x @ 2431
[16:18:42] BUY 3x @ 2449
[16:18:43] BUY 1x @ 2431
[16:18:43] BUY 2x @ 2449
[16:18:43] BUY 1x @ 2449
[16:18:53] BUY 1x @ 2430
[16:18:56] BUY 3x @ 1777
[16:19:01] BUY 2x @ 2289
[16:19:01] BUY 1x @ 2289
[16:19:18] BUY 1x @ 2073
[16:19:18] BUY 2x @ 2073
[16:19:35] BUY 2x @ 1912
[16:19:36] BUY 1x @ 1912
[16:19:55] BUY 2x @ 2283
[16:19:56] BUY 1x @ 2283
[16:20:25] BUY 2x @ 1965.0
[16:20:25] BUY 1x @ 2015.0
[16:20:43] BUY 1x @ 1943.0
[16:20:43] BUY 1x @ 1947.0
[16:20:43] BUY 1x @ 1947.0
[16:21:00] BUY 1x @ 1896
[16:21:00] BUY 1x @ 1900.0
[16:21:20] BUY 1x @ 1911.0
[16:21:20] BUY 1x @ 1911.0
[16:21:40] BUY 1x @ 1895.0
[16:21:40] BUY 1x @ 1896.0
[16:22:39] BUY 1x @ 1778.0
[16:22:39] BUY 1x @ 1856
[16:22:39] BUY 1x @ 1896.0
[16:22:39] BUY 1x @ 1930.0
[16:23:39] BUY 1x @ 1930.0
[16:23:39] BUY 1x @ 1930.0
[16:23:39] BUY 1x @ 1799.0
[16:23:39] BUY 1x @ 1799.0
[16:23:39] BUY 1x @ 1880
[16:23:39] BUY 1x @ 1966.0
[16:23:39] BUY 1x @ 1778.0
[16:23:40] BUY 1x @ 1812
[16:23:55] BUY 1x @ 1960
[16:23:55] BUY 1x @ 1960
[16:24:09] SELL 3x @ 1958.0
[16:24:13] BUY 1x @ 1932.0
[16:24:13] BUY 1x @ 1932.0
[16:25:19] BUY 1x @ 1880.0
[16:25:19] BUY 1x @ 1880.0
[16:25:22] BUY 1x @ 1855
[16:25:22] BUY 1x @ 1855
[16:25:28] BUY 1x @ 1855.0
[16:25:28] BUY 1x @ 1855.0
[16:25:46] BUY 1x @ 1859.0
[16:25:47] BUY 1x @ 1859.0
[16:26:07] BUY 1x @ 1864
[16:26:07] BUY 1x @ 1868
[16:26:27] BUY 1x @ 1867.0
[16:26:27] BUY 1x @ 1867.0
[16:26:51] BUY 1x @ 1870.0
[16:26:51] BUY 1x @ 1870.0
[16:27:04] BUY 1x @ 1870.0
[16:27:04] BUY 1x @ 1870.0
[16:27:26] BUY 1x @ 1879.0
[16:27:26] BUY 1x @ 1879.0
[09:27:09] SELL 3x @ 2972.0
[11:12:41] SELL 3x @ 2953
[11:12:41] SELL 1x @ 2941
[11:12:41] SELL 1x @ 2941
[11:12:41] SELL 1.0x @ 2923.0
[11:12:41] SELL 1.0x @ 2923.0
