[15:17:35] SELL 5.0x @ 4433
[15:30:28] BUY 5x @ 4420
[15:31:05] BUY 4x @ 4420
[15:31:49] BUY 2x @ 4419.0
[15:31:49] BUY 2x @ 4419.0
[15:32:29] BUY 2x @ 4419.0
[15:32:36] BUY 2x @ 4419
[15:33:04] BUY 3.0x @ 4419
[15:33:40] BUY 4x @ 4419
[15:33:49] BUY 3x @ 4419
[15:34:18] BUY 3x @ 4419
[15:34:44] BUY 1x @ 4418
[15:35:06] BUY 1x @ 4418
[15:35:09] BUY 1x @ 4418
[15:35:09] BUY 1x @ 4418
[15:36:30] BUY 1.0x @ 4418
[15:36:30] BUY 1.0x @ 4418
[15:36:30] BUY 1.0x @ 4418
[15:36:38] BUY 2x @ 4418
[15:36:38] BUY 1x @ 4418
[15:36:45] BUY 1x @ 4410
[15:37:02] BUY 2x @ 4418
[15:37:09] BUY 1x @ 4410
[15:37:09] BUY 1x @ 4410.0
[15:37:16] BUY 2x @ 4415.0
[15:37:17] BUY 1x @ 4410
[15:37:33] BUY 2x @ 4414.0
[15:37:33] BUY 1x @ 4410
[15:37:56] BUY 1x @ 3500.0
[15:37:56] BUY 1x @ 3500.0
[15:37:56] BUY 1x @ 4335
[15:38:15] BUY 2x @ 4417
[15:38:15] BUY 1x @ 4409
[15:38:35] BUY 2x @ 4417
[15:38:35] BUY 1x @ 4409
[15:38:55] BUY 2x @ 4417
[15:38:58] BUY 1x @ 4409
[15:39:15] BUY 1x @ 4417.0
[15:39:18] BUY 1x @ 4409
[15:39:30] BUY 3x @ 4399
[15:39:51] BUY 1x @ 4417
[15:40:28] BUY 1x @ 4417
[15:40:28] BUY 1x @ 4409
[15:40:45] BUY 1x @ 4417
[15:40:55] BUY 1x @ 4409
[15:41:04] BUY 1x @ 4416
[15:41:05] BUY 1x @ 4409
[15:42:22] BUY 1x @ 4416
[15:42:23] BUY 1x @ 4416
[15:42:24] BUY 1x @ 4408
[15:42:42] BUY 1x @ 4416
[15:42:42] BUY 1x @ 4408
[15:43:17] BUY 1x @ 4416
[15:43:28] SELL 3x @ 4433
[15:43:32] SELL 2x @ 4433
[15:43:34] BUY 1x @ 4416
[15:43:39] SELL 3x @ 4432
[15:43:47] SELL 4x @ 4433
[15:43:49] SELL 1x @ 4433
[15:44:10] SELL 1x @ 4433
[15:44:12] SELL 1x @ 4433
[15:46:08] SELL 2x @ 4433.0
[15:46:08] SELL 1x @ 4424.0
[15:46:28] BUY 2x @ 4433.0
[15:46:29] BUY 1x @ 4433.0
[15:46:41] SELL 1x @ 4434
[15:46:41] SELL 2x @ 4434
[15:46:44] SELL 1x @ 4434
[15:49:01] SELL 1.0x @ 4434
[15:49:19] SELL 3x @ 4426.0
[15:50:20] BUY 2x @ 4417.0
[15:50:35] BUY 1x @ 4416.0
[15:51:04] BUY 1x @ 4416.0
[15:51:26] BUY 1x @ 4416.0
[15:51:44] BUY 1x @ 4416.0
[15:52:44] BUY 1x @ 4416.0
[15:53:02] BUY 1x @ 4417
[15:55:05] BUY 1x @ 4417
[15:55:34] BUY 1x @ 4417
[15:56:51] BUY 1x @ 4416.0
[15:56:51] BUY 1x @ 4416.0
[15:56:51] BUY 1x @ 4417.0
[15:57:07] BUY 1x @ 4413.0
[15:57:18] SELL 5x @ 4433
[15:59:24] BUY 1x @ 4413
[15:59:24] BUY 1x @ 4413
[16:00:24] BUY 1x @ 4409
[16:00:24] BUY 1x @ 4417
[16:00:25] BUY 1x @ 4207
[16:00:25] BUY 1x @ 4207
[16:00:25] BUY 1x @ 4416
[16:00:32] BUY 1x @ 4416
[16:01:32] SELL 1x @ 4422.0
[16:01:32] SELL 1x @ 4422.0
[16:01:32] SELL 1x @ 4422.0
[16:02:44] BUY 1x @ 4416
[16:03:01] BUY 1x @ 4416
[16:03:01] BUY 1x @ 4409
[16:04:15] BUY 1x @ 4416
[16:04:15] BUY 1x @ 4416
[16:04:15] BUY 1x @ 4408
[16:04:15] BUY 1x @ 4416
[16:04:20] BUY 1x @ 4416
[16:04:27] BUY 1x @ 4411
[16:04:31] BUY 1x @ 4408
[16:04:42] BUY 1x @ 4390
[16:04:42] BUY 1x @ 4390
[16:05:09] BUY 1x @ 4380.0
[16:05:09] BUY 1x @ 4380.0
[16:05:25] BUY 1x @ 4389.0
[16:05:25] BUY 1x @ 4390.0
[16:05:42] BUY 1x @ 4390.0
[16:05:42] BUY 1x @ 4390.0
[16:05:59] BUY 1x @ 4416
[16:05:59] BUY 1x @ 4408
[16:06:17] BUY 1x @ 4416
[16:06:21] BUY 1x @ 4408
[16:06:34] BUY 1x @ 4415
[16:06:34] SELL 1x @ 4432
[16:06:36] BUY 1x @ 4408
[16:06:54] BUY 1x @ 4415
[16:06:54] BUY 1x @ 4407
[16:07:28] BUY 1x @ 4391.0
[16:07:29] BUY 1x @ 4407
[16:07:34] SELL 3x @ 4432
[16:07:34] SELL 2x @ 4432
[16:07:47] BUY 1x @ 4415
[16:07:47] BUY 1x @ 4408
[16:12:27] BUY 2x @ 4414.0
[16:12:27] BUY 1x @ 4420
[16:12:27] BUY 2x @ 4420
[16:12:27] BUY 1x @ 4412
[16:12:27] BUY 1x @ 4412
[16:12:27] BUY 2x @ 4420
[16:12:27] BUY 1x @ 4420
[16:12:27] BUY 1x @ 4420
[16:12:27] BUY 2x @ 4412
[16:12:27] BUY 1x @ 4397.0
[16:12:27] BUY 2x @ 4419
[16:12:27] BUY 2x @ 4419
[16:12:27] BUY 1x @ 4411
[16:12:29] BUY 4x @ 4404.0
[16:12:29] BUY 1x @ 4404.0
[16:12:30] BUY 1x @ 4411
[16:12:47] BUY 1x @ 4356.0
[16:12:47] BUY 3x @ 4356.0
[16:13:08] BUY 2x @ 4356.0
[16:13:08] BUY 1x @ 4356.0
[16:13:08] BUY 1x @ 4356.0
[16:13:29] BUY 2x @ 4357.0
[16:13:30] BUY 1x @ 4418
[16:13:30] BUY 1x @ 4410
[16:13:40] SELL 3x @ 4312.0
[16:14:00] BUY 3x @ 4418
[16:14:00] BUY 1x @ 4410
[16:14:20] BUY 3x @ 4418
[16:14:20] BUY 1x @ 4410
[16:14:39] BUY 1x @ 4418
[16:14:40] BUY 1x @ 4418
[16:15:20] BUY 2x @ 4418
[16:15:31] SELL 3x @ 4419
[16:17:32] SELL 1x @ 4435
[16:17:32] SELL 1x @ 4435
[16:17:32] SELL 1x @ 4435
[16:17:34] SELL 1x @ 4435
[16:17:38] SELL 1x @ 4435.0
[16:17:38] SELL 1x @ 4435.0
[16:17:38] SELL 1x @ 4435.0
[16:17:38] SELL 1x @ 4435
[16:17:39] SELL 1x @ 4435
[16:18:42] BUY 3x @ 4438
[16:18:42] SELL 1x @ 4435.0
[16:18:42] SELL 1x @ 4435
[16:18:42] SELL 1x @ 4435
[16:18:42] SELL 1x @ 4435
[16:18:42] SELL 1x @ 4435
[16:18:42] BUY 3x @ 4438
[16:18:44] SELL 1x @ 4435
[16:18:47] SELL 1x @ 4435
[16:18:48] SELL 1x @ 4435
[16:18:50] SELL 2x @ 4435
[16:18:58] BUY 1x @ 4437.0
[16:18:58] BUY 2x @ 4438
[16:19:05] SELL 5x @ 4436
[16:19:23] SELL 1x @ 4435
[16:19:25] SELL 1x @ 4435
[16:19:26] SELL 1x @ 4435
[16:19:27] SELL 1x @ 4435
[16:19:27] SELL 1x @ 4435
[16:19:39] SELL 1x @ 4436
[16:24:10] SELL 1x @ 4431.0
[16:24:10] SELL 1x @ 4429
[09:26:56] SELL 5x @ 4517
[09:26:58] SELL 4x @ 4517
[09:26:58] SELL 1x @ 4517
[09:26:58] SELL 1x @ 4517
[09:27:01] SELL 5x @ 4518
[09:27:13] SELL 3x @ 4514
[09:27:14] SELL 1x @ 4514
[09:27:20] SELL 4x @ 4514
[09:27:26] SELL 2x @ 4514
[09:27:33] BUY 5x @ 4541
[09:27:53] BUY 5x @ 4607.0
[09:27:59] SELL 5x @ 4518
[09:28:12] SELL 2x @ 4523
[09:28:12] SELL 2x @ 4523
[09:28:21] SELL 2x @ 4523
[09:28:26] SELL 2x @ 4523
[09:28:32] BUY 5x @ 4539
[09:28:38] SELL 1x @ 4531
[11:12:47] BUY 5x @ 4556.0
[11:13:00] SELL 2x @ 4575
[11:13:04] SELL 1x @ 4583
