[15:36:45] BUY 3x @ 3337
[15:36:45] BUY 1x @ 3326
[15:40:50] BUY 2x @ 3337
[15:40:52] SELL 3x @ 3358
[15:41:12] SELL 3x @ 3358
[15:42:21] SELL 3x @ 3359
[15:42:21] BUY 3x @ 3337
[15:42:22] SELL 2x @ 3359
[15:42:26] SELL 2x @ 3359
[15:43:19] SELL 1.0x @ 3359
[16:00:24] SELL 2x @ 3359
[16:00:25] SELL 1x @ 3359
[16:00:25] SELL 1x @ 3359
[16:00:26] SELL 2x @ 3359
[16:00:47] SELL 2x @ 3359
[16:01:22] SELL 2x @ 3359
[16:01:22] SELL 1x @ 3359
[16:01:22] SELL 1x @ 3359.0
[16:01:48] SELL 2x @ 3360.0
[16:01:49] BUY 3x @ 3338
[16:01:49] BUY 1x @ 3328
[16:02:01] BUY 3x @ 3338
[16:02:01] BUY 1x @ 3328
[16:18:50] BUY 1x @ 3337
[16:19:14] BUY 2x @ 3337
[16:19:15] BUY 1x @ 3327
[16:19:23] BUY 2x @ 3336.0
[16:19:41] BUY 2x @ 3337
[16:20:13] BUY 2x @ 3337.0
[16:21:05] BUY 1x @ 3336.0
[16:21:05] BUY 1x @ 3336.0
[16:21:28] BUY 2x @ 3336
[16:22:39] BUY 2x @ 3333.0
[16:22:39] BUY 2x @ 3333.0
[16:22:39] BUY 2x @ 3334.0
[16:23:39] BUY 2x @ 3336
[16:23:39] BUY 1x @ 3326
[16:23:39] BUY 2x @ 3336
[16:23:39] BUY 2x @ 3334.0
[16:23:40] BUY 2x @ 3334.0
[16:24:01] BUY 2x @ 3334.0
[16:25:19] BUY 2x @ 3335
[16:25:19] BUY 2x @ 3333.0
[16:25:23] BUY 1x @ 3333.0
[09:27:09] BUY 4x @ 3267
[09:27:15] BUY 1x @ 3267
[09:27:47] BUY 5x @ 3277
[09:28:07] SELL 4x @ 3267.0
[09:28:13] BUY 4x @ 3274
[09:28:20] SELL 5x @ 3273
